{"/Users/tkotia357/Documents/Personnel/FinalDashboard/src/api/apiUtils.js": {"path":"/Users/tkotia357/Documents/Personnel/FinalDashboard/src/api/apiUtils.js","statementMap":{"0":{"start":{"line":2,"column":2},"end":{"line":2,"column":42}},"1":{"start":{"line":2,"column":19},"end":{"line":2,"column":42}},"2":{"start":{"line":3,"column":2},"end":{"line":8,"column":3}},"3":{"start":{"line":6,"column":18},"end":{"line":6,"column":39}},"4":{"start":{"line":7,"column":4},"end":{"line":7,"column":27}},"5":{"start":{"line":9,"column":2},"end":{"line":9,"column":50}},"6":{"start":{"line":15,"column":2},"end":{"line":15,"column":45}},"7":{"start":{"line":16,"column":2},"end":{"line":16,"column":14}}},"fnMap":{"0":{"name":"handleResponse","decl":{"start":{"line":1,"column":22},"end":{"line":1,"column":36}},"loc":{"start":{"line":1,"column":47},"end":{"line":10,"column":1}},"line":1},"1":{"name":"handleError","decl":{"start":{"line":13,"column":16},"end":{"line":13,"column":27}},"loc":{"start":{"line":13,"column":35},"end":{"line":17,"column":1}},"line":13}},"branchMap":{"0":{"loc":{"start":{"line":2,"column":2},"end":{"line":2,"column":42}},"type":"if","locations":[{"start":{"line":2,"column":2},"end":{"line":2,"column":42}},{"start":{"line":2,"column":2},"end":{"line":2,"column":42}}],"line":2},"1":{"loc":{"start":{"line":3,"column":2},"end":{"line":8,"column":3}},"type":"if","locations":[{"start":{"line":3,"column":2},"end":{"line":8,"column":3}},{"start":{"line":3,"column":2},"end":{"line":8,"column":3}}],"line":3}},"s":{"0":2,"1":2,"2":0,"3":0,"4":0,"5":0,"6":0,"7":0},"f":{"0":2,"1":0},"b":{"0":[2,0],"1":[0,0]},"_coverageSchema":"43e27e138ebf9cfc5966b082cf9a028302ed4184","hash":"aeb22907ce9cdd2d45aa370562007847f597e06a"}
,"/Users/tkotia357/Documents/Personnel/FinalDashboard/src/api/assestApi.js": {"path":"/Users/tkotia357/Documents/Personnel/FinalDashboard/src/api/assestApi.js","statementMap":{"0":{"start":{"line":2,"column":16},"end":{"line":2,"column":49}},"1":{"start":{"line":5,"column":2},"end":{"line":7,"column":24}}},"fnMap":{"0":{"name":"getAssests","decl":{"start":{"line":4,"column":16},"end":{"line":4,"column":26}},"loc":{"start":{"line":4,"column":29},"end":{"line":8,"column":1}},"line":4}},"branchMap":{},"s":{"0":2,"1":1},"f":{"0":1},"b":{},"_coverageSchema":"43e27e138ebf9cfc5966b082cf9a028302ed4184","hash":"40287ce33d23fe8533b9f06b2c625df134a2b002"}
,"/Users/tkotia357/Documents/Personnel/FinalDashboard/src/components/assestdashboard/LogoComponent.js": {"path":"/Users/tkotia357/Documents/Personnel/FinalDashboard/src/components/assestdashboard/LogoComponent.js","statementMap":{"0":{"start":{"line":4,"column":22},"end":{"line":17,"column":1}},"1":{"start":{"line":6,"column":0},"end":{"line":15,"column":6}}},"fnMap":{"0":{"name":"(anonymous_0)","decl":{"start":{"line":4,"column":22},"end":{"line":4,"column":23}},"loc":{"start":{"line":6,"column":0},"end":{"line":15,"column":6}},"line":6}},"branchMap":{},"s":{"0":1,"1":1},"f":{"0":1},"b":{},"_coverageSchema":"43e27e138ebf9cfc5966b082cf9a028302ed4184","hash":"c41807aea089b17d870196dd0bac803a795c047d"}
,"/Users/tkotia357/Documents/Personnel/FinalDashboard/src/components/assestdashboard/StrategyList.js": {"path":"/Users/tkotia357/Documents/Personnel/FinalDashboard/src/components/assestdashboard/StrategyList.js","statementMap":{"0":{"start":{"line":5,"column":21},"end":{"line":28,"column":5}},"1":{"start":{"line":7,"column":2},"end":{"line":27,"column":2}},"2":{"start":{"line":17,"column":8},"end":{"line":23,"column":10}},"3":{"start":{"line":30,"column":0},"end":{"line":33,"column":2}}},"fnMap":{"0":{"name":"(anonymous_0)","decl":{"start":{"line":5,"column":21},"end":{"line":5,"column":22}},"loc":{"start":{"line":5,"column":56},"end":{"line":28,"column":5}},"line":5},"1":{"name":"(anonymous_1)","decl":{"start":{"line":16,"column":22},"end":{"line":16,"column":23}},"loc":{"start":{"line":16,"column":34},"end":{"line":24,"column":7}},"line":16}},"branchMap":{"0":{"loc":{"start":{"line":21,"column":116},"end":{"line":21,"column":132}},"type":"binary-expr","locations":[{"start":{"line":21,"column":116},"end":{"line":21,"column":128}},{"start":{"line":21,"column":130},"end":{"line":21,"column":132}}],"line":21}},"s":{"0":1,"1":1,"2":4,"3":1},"f":{"0":1,"1":4},"b":{"0":[4,4]},"_coverageSchema":"43e27e138ebf9cfc5966b082cf9a028302ed4184","hash":"0dc1862b6b43379c3f91bec9953f30ad97bd0aca"}
,"/Users/tkotia357/Documents/Personnel/FinalDashboard/src/components/assestdashboard/ToggleAction.js": {"path":"/Users/tkotia357/Documents/Personnel/FinalDashboard/src/components/assestdashboard/ToggleAction.js","statementMap":{"0":{"start":{"line":6,"column":21},"end":{"line":34,"column":1}},"1":{"start":{"line":7,"column":2},"end":{"line":33,"column":4}},"2":{"start":{"line":35,"column":0},"end":{"line":38,"column":2}}},"fnMap":{"0":{"name":"(anonymous_0)","decl":{"start":{"line":6,"column":21},"end":{"line":6,"column":22}},"loc":{"start":{"line":6,"column":67},"end":{"line":34,"column":1}},"line":6}},"branchMap":{},"s":{"0":1,"1":1,"2":1},"f":{"0":1},"b":{},"_coverageSchema":"43e27e138ebf9cfc5966b082cf9a028302ed4184","hash":"0a731bdfe8d957b7358ca160a04eea15dfd9e918"}
,"/Users/tkotia357/Documents/Personnel/FinalDashboard/src/components/assestdashboard/TotalAllocation.js": {"path":"/Users/tkotia357/Documents/Personnel/FinalDashboard/src/components/assestdashboard/TotalAllocation.js","statementMap":{"0":{"start":{"line":4,"column":24},"end":{"line":21,"column":1}},"1":{"start":{"line":5,"column":2},"end":{"line":20,"column":8}},"2":{"start":{"line":23,"column":0},"end":{"line":27,"column":2}}},"fnMap":{"0":{"name":"(anonymous_0)","decl":{"start":{"line":4,"column":24},"end":{"line":4,"column":25}},"loc":{"start":{"line":5,"column":2},"end":{"line":20,"column":8}},"line":5}},"branchMap":{"0":{"loc":{"start":{"line":8,"column":50},"end":{"line":8,"column":100}},"type":"cond-expr","locations":[{"start":{"line":8,"column":66},"end":{"line":8,"column":82}},{"start":{"line":8,"column":83},"end":{"line":8,"column":100}}],"line":8},"1":{"loc":{"start":{"line":16,"column":83},"end":{"line":16,"column":114}},"type":"cond-expr","locations":[{"start":{"line":16,"column":101},"end":{"line":16,"column":103}},{"start":{"line":16,"column":104},"end":{"line":16,"column":114}}],"line":16}},"s":{"0":1,"1":1,"2":1},"f":{"0":1},"b":{"0":[0,1],"1":[1,0]},"_coverageSchema":"43e27e138ebf9cfc5966b082cf9a028302ed4184","hash":"41a1a33b7686a0351b15c57b9d4ba5d0d0df3e47"}
,"/Users/tkotia357/Documents/Personnel/FinalDashboard/src/components/common/Spinner.js": {"path":"/Users/tkotia357/Documents/Personnel/FinalDashboard/src/components/common/Spinner.js","statementMap":{"0":{"start":{"line":4,"column":16},"end":{"line":6,"column":1}},"1":{"start":{"line":5,"column":2},"end":{"line":5,"column":50}}},"fnMap":{"0":{"name":"(anonymous_0)","decl":{"start":{"line":4,"column":16},"end":{"line":4,"column":17}},"loc":{"start":{"line":4,"column":22},"end":{"line":6,"column":1}},"line":4}},"branchMap":{},"s":{"0":1,"1":1},"f":{"0":1},"b":{},"_coverageSchema":"43e27e138ebf9cfc5966b082cf9a028302ed4184","hash":"a0094efded408c1a93666b2279fd95584d3667ee"}
,"/Users/tkotia357/Documents/Personnel/FinalDashboard/src/components/common/Toggle.js": {"path":"/Users/tkotia357/Documents/Personnel/FinalDashboard/src/components/common/Toggle.js","statementMap":{"0":{"start":{"line":5,"column":15},"end":{"line":35,"column":1}},"1":{"start":{"line":7,"column":24},"end":{"line":16,"column":3}},"2":{"start":{"line":8,"column":17},"end":{"line":8,"column":57}},"3":{"start":{"line":8,"column":44},"end":{"line":8,"column":56}},"4":{"start":{"line":10,"column":3},"end":{"line":15,"column":5}},"5":{"start":{"line":11,"column":6},"end":{"line":11,"column":37}},"6":{"start":{"line":14,"column":6},"end":{"line":14,"column":40}},"7":{"start":{"line":18,"column":2},"end":{"line":34,"column":4}},"8":{"start":{"line":27,"column":35},"end":{"line":27,"column":50}},"9":{"start":{"line":28,"column":34},"end":{"line":28,"column":48}},"10":{"start":{"line":37,"column":0},"end":{"line":44,"column":2}}},"fnMap":{"0":{"name":"(anonymous_0)","decl":{"start":{"line":5,"column":15},"end":{"line":5,"column":16}},"loc":{"start":{"line":5,"column":81},"end":{"line":35,"column":1}},"line":5},"1":{"name":"(anonymous_1)","decl":{"start":{"line":7,"column":24},"end":{"line":7,"column":25}},"loc":{"start":{"line":7,"column":58},"end":{"line":16,"column":3}},"line":7},"2":{"name":"(anonymous_2)","decl":{"start":{"line":8,"column":39},"end":{"line":8,"column":40}},"loc":{"start":{"line":8,"column":44},"end":{"line":8,"column":56}},"line":8},"3":{"name":"(anonymous_3)","decl":{"start":{"line":27,"column":29},"end":{"line":27,"column":30}},"loc":{"start":{"line":27,"column":35},"end":{"line":27,"column":50}},"line":27},"4":{"name":"(anonymous_4)","decl":{"start":{"line":28,"column":28},"end":{"line":28,"column":29}},"loc":{"start":{"line":28,"column":34},"end":{"line":28,"column":48}},"line":28}},"branchMap":{"0":{"loc":{"start":{"line":10,"column":3},"end":{"line":15,"column":5}},"type":"if","locations":[{"start":{"line":10,"column":3},"end":{"line":15,"column":5}},{"start":{"line":10,"column":3},"end":{"line":15,"column":5}}],"line":10}},"s":{"0":2,"1":3,"2":6,"3":12,"4":6,"5":3,"6":3,"7":3,"8":0,"9":0,"10":2},"f":{"0":3,"1":6,"2":12,"3":0,"4":0},"b":{"0":[3,3]},"_coverageSchema":"43e27e138ebf9cfc5966b082cf9a028302ed4184","hash":"9d0e71674c9f623a36581c3e81bb32bfee685938"}
,"/Users/tkotia357/Documents/Personnel/FinalDashboard/src/redux/actions/actionTypes.js": {"path":"/Users/tkotia357/Documents/Personnel/FinalDashboard/src/redux/actions/actionTypes.js","statementMap":{"0":{"start":{"line":3,"column":35},"end":{"line":3,"column":57}},"1":{"start":{"line":7,"column":30},"end":{"line":7,"column":46}},"2":{"start":{"line":8,"column":30},"end":{"line":8,"column":46}},"3":{"start":{"line":9,"column":32},"end":{"line":9,"column":51}},"4":{"start":{"line":10,"column":39},"end":{"line":10,"column":65}},"5":{"start":{"line":12,"column":40},"end":{"line":12,"column":66}},"6":{"start":{"line":13,"column":43},"end":{"line":13,"column":72}}},"fnMap":{},"branchMap":{},"s":{"0":2,"1":2,"2":2,"3":2,"4":2,"5":2,"6":2},"f":{},"b":{},"_coverageSchema":"43e27e138ebf9cfc5966b082cf9a028302ed4184","hash":"ccf7c4d2891a323296dbd543fdc40715737c54f0"}
,"/Users/tkotia357/Documents/Personnel/FinalDashboard/src/redux/actions/apiStatusActions.js": {"path":"/Users/tkotia357/Documents/Personnel/FinalDashboard/src/redux/actions/apiStatusActions.js","statementMap":{"0":{"start":{"line":4,"column":2},"end":{"line":4,"column":40}},"1":{"start":{"line":8,"column":2},"end":{"line":8,"column":40}}},"fnMap":{"0":{"name":"beginApiCall","decl":{"start":{"line":3,"column":16},"end":{"line":3,"column":28}},"loc":{"start":{"line":3,"column":31},"end":{"line":5,"column":1}},"line":3},"1":{"name":"apiCallError","decl":{"start":{"line":7,"column":16},"end":{"line":7,"column":28}},"loc":{"start":{"line":7,"column":31},"end":{"line":9,"column":1}},"line":7}},"branchMap":{},"s":{"0":2,"1":1},"f":{"0":2,"1":1},"b":{},"_coverageSchema":"43e27e138ebf9cfc5966b082cf9a028302ed4184","hash":"82a41e08b314bbc62964e42f33666bf17d3e2cb6"}
,"/Users/tkotia357/Documents/Personnel/FinalDashboard/src/redux/actions/assestActions.js": {"path":"/Users/tkotia357/Documents/Personnel/FinalDashboard/src/redux/actions/assestActions.js","statementMap":{"0":{"start":{"line":7,"column":2},"end":{"line":7,"column":54}},"1":{"start":{"line":11,"column":2},"end":{"line":11,"column":52}},"2":{"start":{"line":15,"column":3},"end":{"line":15,"column":60}},"3":{"start":{"line":19,"column":2},"end":{"line":19,"column":53}},"4":{"start":{"line":23,"column":2},"end":{"line":34,"column":4}},"5":{"start":{"line":24,"column":4},"end":{"line":24,"column":29}},"6":{"start":{"line":25,"column":4},"end":{"line":33,"column":9}},"7":{"start":{"line":28,"column":8},"end":{"line":28,"column":45}},"8":{"start":{"line":31,"column":8},"end":{"line":31,"column":38}},"9":{"start":{"line":32,"column":8},"end":{"line":32,"column":20}},"10":{"start":{"line":40,"column":4},"end":{"line":42,"column":5}},"11":{"start":{"line":41,"column":7},"end":{"line":41,"column":74}},"12":{"start":{"line":46,"column":4},"end":{"line":48,"column":5}},"13":{"start":{"line":47,"column":7},"end":{"line":47,"column":48}},"14":{"start":{"line":52,"column":3},"end":{"line":54,"column":4}},"15":{"start":{"line":53,"column":4},"end":{"line":53,"column":41}}},"fnMap":{"0":{"name":"loadAssestSuccess","decl":{"start":{"line":5,"column":16},"end":{"line":5,"column":33}},"loc":{"start":{"line":5,"column":43},"end":{"line":8,"column":1}},"line":5},"1":{"name":"setSelectedToggleSuccess","decl":{"start":{"line":10,"column":16},"end":{"line":10,"column":40}},"loc":{"start":{"line":10,"column":50},"end":{"line":12,"column":1}},"line":10},"2":{"name":"onPercentEnterSuccess","decl":{"start":{"line":14,"column":17},"end":{"line":14,"column":38}},"loc":{"start":{"line":14,"column":48},"end":{"line":16,"column":1}},"line":14},"3":{"name":"resetAssestEnteredSuccess","decl":{"start":{"line":18,"column":16},"end":{"line":18,"column":41}},"loc":{"start":{"line":18,"column":44},"end":{"line":20,"column":1}},"line":18},"4":{"name":"loadAssest","decl":{"start":{"line":22,"column":16},"end":{"line":22,"column":26}},"loc":{"start":{"line":22,"column":29},"end":{"line":35,"column":1}},"line":22},"5":{"name":"(anonymous_5)","decl":{"start":{"line":23,"column":9},"end":{"line":23,"column":10}},"loc":{"start":{"line":23,"column":28},"end":{"line":34,"column":3}},"line":23},"6":{"name":"(anonymous_6)","decl":{"start":{"line":27,"column":12},"end":{"line":27,"column":13}},"loc":{"start":{"line":27,"column":23},"end":{"line":29,"column":7}},"line":27},"7":{"name":"(anonymous_7)","decl":{"start":{"line":30,"column":13},"end":{"line":30,"column":14}},"loc":{"start":{"line":30,"column":22},"end":{"line":33,"column":7}},"line":30},"8":{"name":"setSelectedToggle","decl":{"start":{"line":38,"column":16},"end":{"line":38,"column":33}},"loc":{"start":{"line":38,"column":55},"end":{"line":43,"column":1}},"line":38},"9":{"name":"(anonymous_9)","decl":{"start":{"line":40,"column":11},"end":{"line":40,"column":12}},"loc":{"start":{"line":40,"column":30},"end":{"line":42,"column":5}},"line":40},"10":{"name":"onPercentEnter","decl":{"start":{"line":45,"column":16},"end":{"line":45,"column":30}},"loc":{"start":{"line":45,"column":38},"end":{"line":49,"column":1}},"line":45},"11":{"name":"(anonymous_11)","decl":{"start":{"line":46,"column":11},"end":{"line":46,"column":12}},"loc":{"start":{"line":46,"column":30},"end":{"line":48,"column":5}},"line":46},"12":{"name":"resetAssestEntered","decl":{"start":{"line":51,"column":16},"end":{"line":51,"column":34}},"loc":{"start":{"line":51,"column":36},"end":{"line":55,"column":1}},"line":51},"13":{"name":"(anonymous_13)","decl":{"start":{"line":52,"column":10},"end":{"line":52,"column":11}},"loc":{"start":{"line":52,"column":29},"end":{"line":54,"column":4}},"line":52}},"branchMap":{},"s":{"0":1,"1":0,"2":2,"3":0,"4":1,"5":1,"6":1,"7":1,"8":0,"9":0,"10":0,"11":0,"12":0,"13":0,"14":0,"15":0},"f":{"0":1,"1":0,"2":2,"3":0,"4":1,"5":1,"6":1,"7":0,"8":0,"9":0,"10":0,"11":0,"12":0,"13":0},"b":{},"_coverageSchema":"43e27e138ebf9cfc5966b082cf9a028302ed4184","hash":"32c2b74b3448c938ca55dd28d6475eec2368bbdf"}
,"/Users/tkotia357/Documents/Personnel/FinalDashboard/src/redux/reducers/assestReducer.js": {"path":"/Users/tkotia357/Documents/Personnel/FinalDashboard/src/redux/reducers/assestReducer.js","statementMap":{"0":{"start":{"line":6,"column":2},"end":{"line":28,"column":3}},"1":{"start":{"line":9,"column":6},"end":{"line":9,"column":28}},"2":{"start":{"line":13,"column":8},"end":{"line":19,"column":10}},"3":{"start":{"line":14,"column":10},"end":{"line":18,"column":18}},"4":{"start":{"line":23,"column":12},"end":{"line":23,"column":80}},"5":{"start":{"line":23,"column":37},"end":{"line":23,"column":78}},"6":{"start":{"line":27,"column":12},"end":{"line":27,"column":25}}},"fnMap":{"0":{"name":"assestReducer","decl":{"start":{"line":4,"column":24},"end":{"line":4,"column":37}},"loc":{"start":{"line":4,"column":76},"end":{"line":29,"column":1}},"line":4},"1":{"name":"(anonymous_1)","decl":{"start":{"line":13,"column":25},"end":{"line":13,"column":26}},"loc":{"start":{"line":14,"column":10},"end":{"line":18,"column":18}},"line":14},"2":{"name":"(anonymous_2)","decl":{"start":{"line":23,"column":29},"end":{"line":23,"column":30}},"loc":{"start":{"line":23,"column":37},"end":{"line":23,"column":78}},"line":23}},"branchMap":{"0":{"loc":{"start":{"line":4,"column":38},"end":{"line":4,"column":66}},"type":"default-arg","locations":[{"start":{"line":4,"column":46},"end":{"line":4,"column":66}}],"line":4},"1":{"loc":{"start":{"line":6,"column":2},"end":{"line":28,"column":3}},"type":"switch","locations":[{"start":{"line":8,"column":4},"end":{"line":9,"column":28}},{"start":{"line":11,"column":6},"end":{"line":20,"column":9}},{"start":{"line":22,"column":8},"end":{"line":24,"column":9}},{"start":{"line":26,"column":8},"end":{"line":27,"column":25}}],"line":6},"2":{"loc":{"start":{"line":14,"column":10},"end":{"line":18,"column":18}},"type":"cond-expr","locations":[{"start":{"line":16,"column":14},"end":{"line":16,"column":50}},{"start":{"line":18,"column":14},"end":{"line":18,"column":18}}],"line":14},"3":{"loc":{"start":{"line":23,"column":37},"end":{"line":23,"column":78}},"type":"cond-expr","locations":[{"start":{"line":23,"column":54},"end":{"line":23,"column":71}},{"start":{"line":23,"column":74},"end":{"line":23,"column":78}}],"line":23}},"s":{"0":1,"1":0,"2":1,"3":4,"4":0,"5":0,"6":0},"f":{"0":1,"1":4,"2":0},"b":{"0":[0],"1":[0,1,0,0],"2":[1,3],"3":[0,0]},"_coverageSchema":"43e27e138ebf9cfc5966b082cf9a028302ed4184","hash":"bb6f0f0f62c31291cd1c23f9da0039309ace0607"}
,"/Users/tkotia357/Documents/Personnel/FinalDashboard/src/redux/reducers/initialState.js": {"path":"/Users/tkotia357/Documents/Personnel/FinalDashboard/src/redux/reducers/initialState.js","statementMap":{},"fnMap":{},"branchMap":{},"s":{},"f":{},"b":{},"_coverageSchema":"43e27e138ebf9cfc5966b082cf9a028302ed4184","hash":"daf50b25fcde0a3070b8b36cde4bae906d86a62a"}
,"/Users/tkotia357/Documents/Personnel/FinalDashboard/src/util/allocationUtil.js": {"path":"/Users/tkotia357/Documents/Personnel/FinalDashboard/src/util/allocationUtil.js","statementMap":{"0":{"start":{"line":1,"column":30},"end":{"line":11,"column":1}},"1":{"start":{"line":3,"column":17},"end":{"line":3,"column":91}},"2":{"start":{"line":3,"column":34},"end":{"line":3,"column":90}},"3":{"start":{"line":4,"column":18},"end":{"line":6,"column":8}},"4":{"start":{"line":5,"column":8},"end":{"line":5,"column":40}},"5":{"start":{"line":8,"column":4},"end":{"line":8,"column":43}},"6":{"start":{"line":13,"column":33},"end":{"line":21,"column":1}},"7":{"start":{"line":14,"column":17},"end":{"line":14,"column":71}},"8":{"start":{"line":14,"column":34},"end":{"line":14,"column":70}},"9":{"start":{"line":15,"column":18},"end":{"line":17,"column":8}},"10":{"start":{"line":16,"column":8},"end":{"line":16,"column":40}},"11":{"start":{"line":19,"column":4},"end":{"line":19,"column":17}},"12":{"start":{"line":23,"column":27},"end":{"line":26,"column":1}},"13":{"start":{"line":24,"column":30},"end":{"line":24,"column":83}},"14":{"start":{"line":24,"column":46},"end":{"line":24,"column":82}},"15":{"start":{"line":25,"column":5},"end":{"line":25,"column":29}},"16":{"start":{"line":28,"column":29},"end":{"line":32,"column":3}},"17":{"start":{"line":29,"column":27},"end":{"line":29,"column":70}},"18":{"start":{"line":29,"column":64},"end":{"line":29,"column":69}},"19":{"start":{"line":30,"column":6},"end":{"line":30,"column":26}}},"fnMap":{"0":{"name":"(anonymous_0)","decl":{"start":{"line":1,"column":30},"end":{"line":1,"column":31}},"loc":{"start":{"line":1,"column":56},"end":{"line":11,"column":1}},"line":1},"1":{"name":"(anonymous_1)","decl":{"start":{"line":3,"column":29},"end":{"line":3,"column":30}},"loc":{"start":{"line":3,"column":34},"end":{"line":3,"column":90}},"line":3},"2":{"name":"(anonymous_2)","decl":{"start":{"line":4,"column":30},"end":{"line":4,"column":31}},"loc":{"start":{"line":4,"column":46},"end":{"line":6,"column":5}},"line":4},"3":{"name":"(anonymous_3)","decl":{"start":{"line":13,"column":33},"end":{"line":13,"column":34}},"loc":{"start":{"line":13,"column":42},"end":{"line":21,"column":1}},"line":13},"4":{"name":"(anonymous_4)","decl":{"start":{"line":14,"column":29},"end":{"line":14,"column":30}},"loc":{"start":{"line":14,"column":34},"end":{"line":14,"column":70}},"line":14},"5":{"name":"(anonymous_5)","decl":{"start":{"line":15,"column":30},"end":{"line":15,"column":31}},"loc":{"start":{"line":15,"column":46},"end":{"line":17,"column":5}},"line":15},"6":{"name":"(anonymous_6)","decl":{"start":{"line":23,"column":27},"end":{"line":23,"column":28}},"loc":{"start":{"line":23,"column":36},"end":{"line":26,"column":1}},"line":23},"7":{"name":"(anonymous_7)","decl":{"start":{"line":24,"column":41},"end":{"line":24,"column":42}},"loc":{"start":{"line":24,"column":46},"end":{"line":24,"column":82}},"line":24},"8":{"name":"(anonymous_8)","decl":{"start":{"line":28,"column":29},"end":{"line":28,"column":30}},"loc":{"start":{"line":28,"column":49},"end":{"line":32,"column":3}},"line":28},"9":{"name":"(anonymous_9)","decl":{"start":{"line":29,"column":59},"end":{"line":29,"column":60}},"loc":{"start":{"line":29,"column":64},"end":{"line":29,"column":69}},"line":29}},"branchMap":{"0":{"loc":{"start":{"line":3,"column":34},"end":{"line":3,"column":90}},"type":"binary-expr","locations":[{"start":{"line":3,"column":34},"end":{"line":3,"column":57}},{"start":{"line":3,"column":61},"end":{"line":3,"column":70}},{"start":{"line":3,"column":74},"end":{"line":3,"column":90}}],"line":3},"1":{"loc":{"start":{"line":8,"column":20},"end":{"line":8,"column":41}},"type":"cond-expr","locations":[{"start":{"line":8,"column":33},"end":{"line":8,"column":39}},{"start":{"line":8,"column":40},"end":{"line":8,"column":41}}],"line":8},"2":{"loc":{"start":{"line":14,"column":34},"end":{"line":14,"column":70}},"type":"binary-expr","locations":[{"start":{"line":14,"column":34},"end":{"line":14,"column":57}},{"start":{"line":14,"column":61},"end":{"line":14,"column":70}}],"line":14},"3":{"loc":{"start":{"line":24,"column":46},"end":{"line":24,"column":82}},"type":"binary-expr","locations":[{"start":{"line":24,"column":46},"end":{"line":24,"column":69}},{"start":{"line":24,"column":73},"end":{"line":24,"column":82}}],"line":24}},"s":{"0":1,"1":2,"2":8,"3":2,"4":2,"5":2,"6":1,"7":4,"8":16,"9":4,"10":12,"11":4,"12":1,"13":0,"14":0,"15":0,"16":1,"17":0,"18":0,"19":0},"f":{"0":2,"1":8,"2":2,"3":4,"4":16,"5":12,"6":0,"7":0,"8":0,"9":0},"b":{"0":[8,8,4],"1":[0,2],"2":[16,12],"3":[0,0]},"_coverageSchema":"43e27e138ebf9cfc5966b082cf9a028302ed4184","hash":"b377be5af0b24cdaadab08f0dc6d94c14f527d00"}
,"/Users/tkotia357/Documents/Personnel/FinalDashboard/src/util/constants.js": {"path":"/Users/tkotia357/Documents/Personnel/FinalDashboard/src/util/constants.js","statementMap":{"0":{"start":{"line":1,"column":39},"end":{"line":1,"column":42}}},"fnMap":{},"branchMap":{},"s":{"0":1},"f":{},"b":{},"_coverageSchema":"43e27e138ebf9cfc5966b082cf9a028302ed4184","hash":"38128a5e1c146201eb6fc7c9f209d4c4a33095f3"}
}
