TN:
SF:/Users/tkotia357/Documents/Personnel/FinalDashboard/src/api/apiUtils.js
FN:1,handleResponse
FN:13,handleError
FNF:2
FNH:1
FNDA:2,handleResponse
FNDA:0,handleError
DA:2,2
DA:3,0
DA:6,0
DA:7,0
DA:9,0
DA:15,0
DA:16,0
LF:7
LH:1
BRDA:2,0,0,2
BRDA:2,0,1,0
BRDA:3,1,0,0
BRDA:3,1,1,0
BRF:4
BRH:1
end_of_record
TN:
SF:/Users/tkotia357/Documents/Personnel/FinalDashboard/src/api/assestApi.js
FN:4,getAssests
FNF:1
FNH:1
FNDA:1,getAssests
DA:2,2
DA:5,1
LF:2
LH:2
BRF:0
BRH:0
end_of_record
TN:
SF:/Users/tkotia357/Documents/Personnel/FinalDashboard/src/components/assestdashboard/LogoComponent.js
FN:4,(anonymous_0)
FNF:1
FNH:1
FNDA:1,(anonymous_0)
DA:4,1
DA:6,1
LF:2
LH:2
BRF:0
BRH:0
end_of_record
TN:
SF:/Users/tkotia357/Documents/Personnel/FinalDashboard/src/components/assestdashboard/StrategyList.js
FN:5,(anonymous_0)
FN:16,(anonymous_1)
FNF:2
FNH:2
FNDA:1,(anonymous_0)
FNDA:4,(anonymous_1)
DA:5,1
DA:7,1
DA:17,4
DA:30,1
LF:4
LH:4
BRDA:21,0,0,4
BRDA:21,0,1,4
BRF:2
BRH:2
end_of_record
TN:
SF:/Users/tkotia357/Documents/Personnel/FinalDashboard/src/components/assestdashboard/ToggleAction.js
FN:6,(anonymous_0)
FNF:1
FNH:1
FNDA:1,(anonymous_0)
DA:6,1
DA:7,1
DA:35,1
LF:3
LH:3
BRF:0
BRH:0
end_of_record
TN:
SF:/Users/tkotia357/Documents/Personnel/FinalDashboard/src/components/assestdashboard/TotalAllocation.js
FN:4,(anonymous_0)
FNF:1
FNH:1
FNDA:1,(anonymous_0)
DA:4,1
DA:5,1
DA:23,1
LF:3
LH:3
BRDA:8,0,0,0
BRDA:8,0,1,1
BRDA:16,1,0,1
BRDA:16,1,1,0
BRF:4
BRH:2
end_of_record
TN:
SF:/Users/tkotia357/Documents/Personnel/FinalDashboard/src/components/common/Spinner.js
FN:4,(anonymous_0)
FNF:1
FNH:1
FNDA:1,(anonymous_0)
DA:4,1
DA:5,1
LF:2
LH:2
BRF:0
BRH:0
end_of_record
TN:
SF:/Users/tkotia357/Documents/Personnel/FinalDashboard/src/components/common/Toggle.js
FN:5,(anonymous_0)
FN:7,(anonymous_1)
FN:8,(anonymous_2)
FN:27,(anonymous_3)
FN:28,(anonymous_4)
FNF:5
FNH:3
FNDA:3,(anonymous_0)
FNDA:6,(anonymous_1)
FNDA:12,(anonymous_2)
FNDA:0,(anonymous_3)
FNDA:0,(anonymous_4)
DA:5,2
DA:7,3
DA:8,12
DA:10,6
DA:11,3
DA:14,3
DA:18,3
DA:27,0
DA:28,0
DA:37,2
LF:10
LH:8
BRDA:10,0,0,3
BRDA:10,0,1,3
BRF:2
BRH:2
end_of_record
TN:
SF:/Users/tkotia357/Documents/Personnel/FinalDashboard/src/redux/actions/actionTypes.js
FNF:0
FNH:0
DA:3,2
DA:7,2
DA:8,2
DA:9,2
DA:10,2
DA:12,2
DA:13,2
LF:7
LH:7
BRF:0
BRH:0
end_of_record
TN:
SF:/Users/tkotia357/Documents/Personnel/FinalDashboard/src/redux/actions/apiStatusActions.js
FN:3,beginApiCall
FN:7,apiCallError
FNF:2
FNH:2
FNDA:2,beginApiCall
FNDA:1,apiCallError
DA:4,2
DA:8,1
LF:2
LH:2
BRF:0
BRH:0
end_of_record
TN:
SF:/Users/tkotia357/Documents/Personnel/FinalDashboard/src/redux/actions/assestActions.js
FN:5,loadAssestSuccess
FN:10,setSelectedToggleSuccess
FN:14,onPercentEnterSuccess
FN:18,resetAssestEnteredSuccess
FN:22,loadAssest
FN:23,(anonymous_5)
FN:27,(anonymous_6)
FN:30,(anonymous_7)
FN:38,setSelectedToggle
FN:40,(anonymous_9)
FN:45,onPercentEnter
FN:46,(anonymous_11)
FN:51,resetAssestEntered
FN:52,(anonymous_13)
FNF:14
FNH:5
FNDA:1,loadAssestSuccess
FNDA:0,setSelectedToggleSuccess
FNDA:2,onPercentEnterSuccess
FNDA:0,resetAssestEnteredSuccess
FNDA:1,loadAssest
FNDA:1,(anonymous_5)
FNDA:1,(anonymous_6)
FNDA:0,(anonymous_7)
FNDA:0,setSelectedToggle
FNDA:0,(anonymous_9)
FNDA:0,onPercentEnter
FNDA:0,(anonymous_11)
FNDA:0,resetAssestEntered
FNDA:0,(anonymous_13)
DA:7,1
DA:11,0
DA:15,2
DA:19,0
DA:23,1
DA:24,1
DA:25,1
DA:28,1
DA:31,0
DA:32,0
DA:40,0
DA:41,0
DA:46,0
DA:47,0
DA:52,0
DA:53,0
LF:16
LH:6
BRF:0
BRH:0
end_of_record
TN:
SF:/Users/tkotia357/Documents/Personnel/FinalDashboard/src/redux/reducers/assestReducer.js
FN:4,assestReducer
FN:13,(anonymous_1)
FN:23,(anonymous_2)
FNF:3
FNH:2
FNDA:1,assestReducer
FNDA:4,(anonymous_1)
FNDA:0,(anonymous_2)
DA:6,1
DA:9,0
DA:13,1
DA:14,4
DA:23,0
DA:27,0
LF:6
LH:3
BRDA:4,0,0,0
BRDA:6,1,0,0
BRDA:6,1,1,1
BRDA:6,1,2,0
BRDA:6,1,3,0
BRDA:14,2,0,1
BRDA:14,2,1,3
BRDA:23,3,0,0
BRDA:23,3,1,0
BRF:9
BRH:3
end_of_record
TN:
SF:/Users/tkotia357/Documents/Personnel/FinalDashboard/src/redux/reducers/initialState.js
FNF:0
FNH:0
LF:0
LH:0
BRF:0
BRH:0
end_of_record
TN:
SF:/Users/tkotia357/Documents/Personnel/FinalDashboard/src/util/allocationUtil.js
FN:1,(anonymous_0)
FN:3,(anonymous_1)
FN:4,(anonymous_2)
FN:13,(anonymous_3)
FN:14,(anonymous_4)
FN:15,(anonymous_5)
FN:23,(anonymous_6)
FN:24,(anonymous_7)
FN:28,(anonymous_8)
FN:29,(anonymous_9)
FNF:10
FNH:6
FNDA:2,(anonymous_0)
FNDA:8,(anonymous_1)
FNDA:2,(anonymous_2)
FNDA:4,(anonymous_3)
FNDA:16,(anonymous_4)
FNDA:12,(anonymous_5)
FNDA:0,(anonymous_6)
FNDA:0,(anonymous_7)
FNDA:0,(anonymous_8)
FNDA:0,(anonymous_9)
DA:1,1
DA:3,8
DA:4,2
DA:5,2
DA:8,2
DA:13,1
DA:14,16
DA:15,4
DA:16,12
DA:19,4
DA:23,1
DA:24,0
DA:25,0
DA:28,1
DA:29,0
DA:30,0
LF:16
LH:12
BRDA:3,0,0,8
BRDA:3,0,1,8
BRDA:3,0,2,4
BRDA:8,1,0,0
BRDA:8,1,1,2
BRDA:14,2,0,16
BRDA:14,2,1,12
BRDA:24,3,0,0
BRDA:24,3,1,0
BRF:9
BRH:6
end_of_record
TN:
SF:/Users/tkotia357/Documents/Personnel/FinalDashboard/src/util/constants.js
FNF:0
FNH:0
DA:1,1
LF:1
LH:1
BRF:0
BRH:0
end_of_record
